#
# There is insufficient memory for the Java Runtime Environment to continue.
# Native memory allocation (malloc) failed to allocate 778776 bytes. Error detail: Chunk::new
# Possible reasons:
#   The system is out of physical RAM or swap space
#   This process is running with CompressedOops enabled, and the Java Heap may be blocking the growth of the native heap
# Possible solutions:
#   Reduce memory load on the system
#   Increase physical memory or swap space
#   Check if swap backing store is full
#   Decrease Java heap size (-Xmx/-Xms)
#   Decrease number of Java threads
#   Decrease Java thread stack sizes (-Xss)
#   Set larger code cache with -XX:ReservedCodeCacheSize=
#   JVM is running with Zero Based Compressed Oops mode in which the Java heap is
#     placed in the first 32GB address space. The Java Heap base address is the
#     maximum limit for the native heap growth. Please use -XX:HeapBaseMinAddress
#     to set the Java Heap base and to place the Java Heap above 32GB virtual address.
# This output file may be truncated or incomplete.
#
#  Out of Memory Error (arena.cpp:186), pid=16196, tid=33916
#
# JRE version: Java(TM) SE Runtime Environment (25.0.2+10) (build 25.0.2+10-LTS-69)
# Java VM: Java HotSpot(TM) 64-Bit Server VM (25.0.2+10-LTS-69, mixed mode, sharing, tiered, compressed oops, compressed class ptrs, g1 gc, windows-amd64)
# No core dump will be written. Minidumps are not enabled by default on client versions of Windows
#

---------------  S U M M A R Y ------------

Command Line: --add-modules=ALL-DEFAULT jdk.compiler/com.sun.tools.javac.launcher.SourceLauncher .\08-strings\01_Defanging_an_IP_Address.java

Host: AMD Ryzen 7 7435HS                             , 16 cores, 15G,  Windows 11 , 64 bit Build 26100 (10.0.26100.7920)
Time: Wed Apr 15 22:28:07 2026 India Standard Time elapsed time: 0.270578 seconds (0d 0h 0m 0s)

---------------  T H R E A D  ---------------

Current thread (0x0000021b35a40470):  JavaThread "C2 CompilerThread0" daemon [_thread_in_native, id=33916, stack(0x00000076de300000,0x00000076de400000) (1024K)]


Current CompileTask:
C2:270  835       4       java.util.HashMap::resize (356 bytes)

Stack: [0x00000076de300000,0x00000076de400000]
Native frames: (J=compiled Java code, j=interpreted, Vv=VM code, C=native code)
V  [jvm.dll+0x7a70f9]  (no source info available)
V  [jvm.dll+0x772d6d]  (no source info available)
V  [jvm.dll+0x965d53]  (no source info available)
V  [jvm.dll+0x968351]  (no source info available)
V  [jvm.dll+0x968a63]  (no source info available)
V  [jvm.dll+0x2fc846]  (no source info available)
V  [jvm.dll+0x111b16]  (no source info available)
V  [jvm.dll+0x111e3e]  (no source info available)
V  [jvm.dll+0x1a0872]  (no source info available)
V  [jvm.dll+0x3b54c2]  (no source info available)
V  [jvm.dll+0x7aca8f]  (no source info available)
V  [jvm.dll+0x2c0b97]  (no source info available)
V  [jvm.dll+0x2bfb5f]  (no source info available)
V  [jvm.dll+0x2379a0]  (no source info available)
V  [jvm.dll+0x2cfc86]  (no source info available)
V  [jvm.dll+0x2cdf05]  (no source info available)
V  [jvm.dll+0x48e9d1]  (no source info available)
V  [jvm.dll+0x906fcd]  (no source info available)
V  [jvm.dll+0x7a56d5]  (no source info available)
C  [ucrtbase.dll+0x37b0]  (no source info available)
C  [KERNEL32.DLL+0x2e8d7]  (no source info available)
C  [ntdll.dll+0x8c48c]  (no source info available)

Lock stack of current Java thread (top to bottom):


---------------  P R O C E S S  ---------------

Threads class SMR info:
_java_thread_list=0x0000021b3b7f7770, length=19, elements={
0x0000021b161ffb80, 0x0000021b35a03ca0, 0x0000021b35a04460, 0x0000021b35a06e30,
0x0000021b35a0bef0, 0x0000021b35a14ae0, 0x0000021b35a0ea60, 0x0000021b35a40470,
0x0000021b35a540b0, 0x0000021b363a09e0, 0x0000021b363c5970, 0x0000021b36438de0,
0x0000021b35a11940, 0x0000021b35a0f230, 0x0000021b3b7258f0, 0x0000021b3c009000,
0x0000021b3c02eb50, 0x0000021b3c02f770, 0x0000021b3c17d120
}

Java Threads: ( => current thread )
  0x0000021b161ffb80 JavaThread "main"                              [_thread_in_Java, id=15620, stack(0x00000076dd500000,0x00000076dd600000) (1024K)]
  0x0000021b35a03ca0 JavaThread "Reference Handler"          daemon [_thread_blocked, id=30484, stack(0x00000076ddd00000,0x00000076dde00000) (1024K)]
  0x0000021b35a04460 JavaThread "Finalizer"                  daemon [_thread_blocked, id=24736, stack(0x00000076dde00000,0x00000076ddf00000) (1024K)]
  0x0000021b35a06e30 JavaThread "Signal Dispatcher"          daemon [_thread_blocked, id=31628, stack(0x00000076ddf00000,0x00000076de000000) (1024K)]
  0x0000021b35a0bef0 JavaThread "Attach Listener"            daemon [_thread_blocked, id=11580, stack(0x00000076de000000,0x00000076de100000) (1024K)]
  0x0000021b35a14ae0 JavaThread "Service Thread"             daemon [_thread_blocked, id=33116, stack(0x00000076de100000,0x00000076de200000) (1024K)]
  0x0000021b35a0ea60 JavaThread "Monitor Deflation Thread"   daemon [_thread_blocked, id=3780, stack(0x00000076de200000,0x00000076de300000) (1024K)]
=>0x0000021b35a40470 JavaThread "C2 CompilerThread0"         daemon [_thread_in_native, id=33916, stack(0x00000076de300000,0x00000076de400000) (1024K)]
  0x0000021b35a540b0 JavaThread "C1 CompilerThread0"         daemon [_thread_in_native, id=38832, stack(0x00000076de400000,0x00000076de500000) (1024K)]
  0x0000021b363a09e0 JavaThread "C1 CompilerThread1"         daemon [_thread_in_vm, id=7496, stack(0x00000076de500000,0x00000076de600000) (1024K)]
  0x0000021b363c5970 JavaThread "C1 CompilerThread2"         daemon [_thread_blocked, id=38240, stack(0x00000076de600000,0x00000076de700000) (1024K)]
  0x0000021b36438de0 JavaThread "C2 CompilerThread1"         daemon [_thread_in_native, id=38560, stack(0x00000076de700000,0x00000076de800000) (1024K)]
  0x0000021b35a11940 JavaThread "Notification Thread"        daemon [_thread_blocked, id=26460, stack(0x00000076de800000,0x00000076de900000) (1024K)]
  0x0000021b35a0f230 JavaThread "Common-Cleaner"             daemon [_thread_blocked, id=24528, stack(0x00000076de900000,0x00000076dea00000) (1024K)]
  0x0000021b3b7258f0 JavaThread "C2 CompilerThread2"         daemon [_thread_in_native, id=39808, stack(0x00000076dea00000,0x00000076deb00000) (1024K)]
  0x0000021b3c009000 JavaThread "C2 CompilerThread3"         daemon [_thread_in_native, id=14656, stack(0x00000076deb00000,0x00000076dec00000) (1024K)]
  0x0000021b3c02eb50 JavaThread "C2 CompilerThread4"         daemon [_thread_in_native, id=33152, stack(0x00000076dec00000,0x00000076ded00000) (1024K)]
  0x0000021b3c02f770 JavaThread "C2 CompilerThread5"         daemon [_thread_in_native, id=37016, stack(0x00000076ded00000,0x00000076dee00000) (1024K)]
  0x0000021b3c17d120 JavaThread "C2 CompilerThread6"         daemon [_thread_in_native, id=26544, stack(0x00000076dee00000,0x00000076def00000) (1024K)]
Total: 19

Other Threads:
  0x0000021b359f15a0 VMThread "VM Thread"                           [id=34216, stack(0x00000076ddc00000,0x00000076ddd00000) (1024K)]
  0x0000021b359e58a0 WatcherThread "VM Periodic Task Thread"        [id=13908, stack(0x00000076ddb00000,0x00000076ddc00000) (1024K)]
  0x0000021b1626d240 WorkerThread "GC Thread#0"                     [id=11088, stack(0x00000076dd600000,0x00000076dd700000) (1024K)]
  0x0000021b16285ef0 ConcurrentGCThread "G1 Main Marker"            [id=34316, stack(0x00000076dd700000,0x00000076dd800000) (1024K)]
  0x0000021b16288260 WorkerThread "G1 Conc#0"                       [id=14924, stack(0x00000076dd800000,0x00000076dd900000) (1024K)]
  0x0000021b162be3c0 ConcurrentGCThread "G1 Refine#0"               [id=10744, stack(0x00000076dd900000,0x00000076dda00000) (1024K)]
  0x0000021b162bea80 ConcurrentGCThread "G1 Service"                [id=38468, stack(0x00000076dda00000,0x00000076ddb00000) (1024K)]
Total: 7

Threads with active compile tasks:
C2 CompilerThread0  364  835       4       java.util.HashMap::resize (356 bytes)
C1 CompilerThread0  364 1319       3       com.sun.tools.javac.jvm.ClassReader::sigToType (881 bytes)
C1 CompilerThread1  365 1338       3       com.sun.tools.javac.code.Symtab::enterClass (71 bytes)
C1 CompilerThread2  365 1337       3       com.sun.tools.javac.util.Convert::packagePart (18 bytes)
C2 CompilerThread1  365  834       4       java.util.HashMap::putVal (300 bytes)
C2 CompilerThread2  365 1034       4       java.util.HashMap::put (13 bytes)
C2 CompilerThread3  365 1157       4       jdk.internal.jimage.ImageStringsReader::stringFromByteBuffer (73 bytes)
C2 CompilerThread4  365 1210       4       jdk.internal.jimage.ImageLocation::getAttributeString (54 bytes)
C2 CompilerThread5  365 1211       4       jdk.internal.jimage.BasicImageReader::getString (35 bytes)
C2 CompilerThread6  365 1307       4       java.lang.StringLatin1::indexOf (121 bytes)
Total: 10

VM state: not at safepoint (normal execution)

VM Mutex/Monitor currently owned by a thread: None

Heap address: 0x0000000702c00000, size: 4052 MB, Compressed Oops mode: Zero based, Oop shift amount: 3

CDS archive(s) mapped at: [0x0000000030000000-0x0000000030dd0000-0x0000000030dd0000), size 14483456, SharedBaseAddress: 0x0000000030000000, ArchiveRelocationMode: 1.
Compressed class space mapped at: 0x0000000031000000-0x0000000071000000, reserved size: 1073741824
UseCompressedClassPointers 1, UseCompactObjectHeaders 0
Narrow klass pointer bits 32, Max shift 3
Narrow klass base: 0x0000000030000000, Narrow klass shift: 0
Encoding Range: [0x0000000030000000 - 0x0000000130000000), (4294967296 bytes)
Klass Range:    [0x0000000030010000 - 0x0000000071000000), (1090453504 bytes)
Klass ID Range:  [65536 - 1090519033) (1090453497)
Protection zone: [0x0000000030000000 - 0x0000000030010000), (65536 bytes)

GC Precious Log:
 CardTable entry size: 512
 Card Set container configuration: InlinePtr #cards 4 size 8 Array Of Cards #cards 16 size 48 Howl #buckets 8 coarsen threshold 3686 Howl Bitmap #cards 512 size 80 coarsen threshold 460 Card regions per heap region 1 cards per card region 4096
 CPUs: 16 total, 16 available
 Memory: 16202M
 Large Page Support: Disabled
 NUMA Support: Disabled
 Compressed Oops: Enabled (Zero based)
 Heap Region Size: 2M
 Heap Min Capacity: 8M
 Heap Initial Capacity: 254M
 Heap Max Capacity: 4052M
 Pre-touch: Disabled
 Parallel Workers: 13
 Concurrent Workers: 3
 Concurrent Refinement Workers: 13
 Periodic GC: Disabled

Heap:
 garbage-first heap   total reserved 4149248K, committed 262144K, used 21653K [0x0000000702c00000, 0x0000000800000000)
  region size 2048K, 11 young (22528K), 0 survivors (0K)

Heap Regions: E=young(eden), S=young(survivor), O=old, HS=humongous(starts), HC=humongous(continues), CS=collection set, F=free, TAMS=top-at-mark-start, PB=parsable bottom
|   0|0x0000000702c00000, 0x0000000702c00000, 0x0000000702e00000|  0%| F|  |TAMS 0x0000000702c00000| PB 0x0000000702c00000| Untracked |  0
|   1|0x0000000702e00000, 0x0000000702e00000, 0x0000000703000000|  0%| F|  |TAMS 0x0000000702e00000| PB 0x0000000702e00000| Untracked |  0
|   2|0x0000000703000000, 0x0000000703000000, 0x0000000703200000|  0%| F|  |TAMS 0x0000000703000000| PB 0x0000000703000000| Untracked |  0
|   3|0x0000000703200000, 0x0000000703200000, 0x0000000703400000|  0%| F|  |TAMS 0x0000000703200000| PB 0x0000000703200000| Untracked |  0
|   4|0x0000000703400000, 0x0000000703400000, 0x0000000703600000|  0%| F|  |TAMS 0x0000000703400000| PB 0x0000000703400000| Untracked |  0
|   5|0x0000000703600000, 0x0000000703600000, 0x0000000703800000|  0%| F|  |TAMS 0x0000000703600000| PB 0x0000000703600000| Untracked |  0
|   6|0x0000000703800000, 0x0000000703800000, 0x0000000703a00000|  0%| F|  |TAMS 0x0000000703800000| PB 0x0000000703800000| Untracked |  0
|   7|0x0000000703a00000, 0x0000000703a00000, 0x0000000703c00000|  0%| F|  |TAMS 0x0000000703a00000| PB 0x0000000703a00000| Untracked |  0
|   8|0x0000000703c00000, 0x0000000703c00000, 0x0000000703e00000|  0%| F|  |TAMS 0x0000000703c00000| PB 0x0000000703c00000| Untracked |  0
|   9|0x0000000703e00000, 0x0000000703e00000, 0x0000000704000000|  0%| F|  |TAMS 0x0000000703e00000| PB 0x0000000703e00000| Untracked |  0
|  10|0x0000000704000000, 0x0000000704000000, 0x0000000704200000|  0%| F|  |TAMS 0x0000000704000000| PB 0x0000000704000000| Untracked |  0
|  11|0x0000000704200000, 0x0000000704200000, 0x0000000704400000|  0%| F|  |TAMS 0x0000000704200000| PB 0x0000000704200000| Untracked |  0
|  12|0x0000000704400000, 0x0000000704400000, 0x0000000704600000|  0%| F|  |TAMS 0x0000000704400000| PB 0x0000000704400000| Untracked |  0
|  13|0x0000000704600000, 0x0000000704600000, 0x0000000704800000|  0%| F|  |TAMS 0x0000000704600000| PB 0x0000000704600000| Untracked |  0
|  14|0x0000000704800000, 0x0000000704800000, 0x0000000704a00000|  0%| F|  |TAMS 0x0000000704800000| PB 0x0000000704800000| Untracked |  0
|  15|0x0000000704a00000, 0x0000000704a00000, 0x0000000704c00000|  0%| F|  |TAMS 0x0000000704a00000| PB 0x0000000704a00000| Untracked |  0
|  16|0x0000000704c00000, 0x0000000704c00000, 0x0000000704e00000|  0%| F|  |TAMS 0x0000000704c00000| PB 0x0000000704c00000| Untracked |  0
|  17|0x0000000704e00000, 0x0000000704e00000, 0x0000000705000000|  0%| F|  |TAMS 0x0000000704e00000| PB 0x0000000704e00000| Untracked |  0
|  18|0x0000000705000000, 0x0000000705000000, 0x0000000705200000|  0%| F|  |TAMS 0x0000000705000000| PB 0x0000000705000000| Untracked |  0
|  19|0x0000000705200000, 0x0000000705200000, 0x0000000705400000|  0%| F|  |TAMS 0x0000000705200000| PB 0x0000000705200000| Untracked |  0
|  20|0x0000000705400000, 0x0000000705400000, 0x0000000705600000|  0%| F|  |TAMS 0x0000000705400000| PB 0x0000000705400000| Untracked |  0
|  21|0x0000000705600000, 0x0000000705600000, 0x0000000705800000|  0%| F|  |TAMS 0x0000000705600000| PB 0x0000000705600000| Untracked |  0
|  22|0x0000000705800000, 0x0000000705800000, 0x0000000705a00000|  0%| F|  |TAMS 0x0000000705800000| PB 0x0000000705800000| Untracked |  0
|  23|0x0000000705a00000, 0x0000000705a00000, 0x0000000705c00000|  0%| F|  |TAMS 0x0000000705a00000| PB 0x0000000705a00000| Untracked |  0
|  24|0x0000000705c00000, 0x0000000705c00000, 0x0000000705e00000|  0%| F|  |TAMS 0x0000000705c00000| PB 0x0000000705c00000| Untracked |  0
|  25|0x0000000705e00000, 0x0000000705e00000, 0x0000000706000000|  0%| F|  |TAMS 0x0000000705e00000| PB 0x0000000705e00000| Untracked |  0
|  26|0x0000000706000000, 0x0000000706000000, 0x0000000706200000|  0%| F|  |TAMS 0x0000000706000000| PB 0x0000000706000000| Untracked |  0
|  27|0x0000000706200000, 0x0000000706200000, 0x0000000706400000|  0%| F|  |TAMS 0x0000000706200000| PB 0x0000000706200000| Untracked |  0
|  28|0x0000000706400000, 0x0000000706400000, 0x0000000706600000|  0%| F|  |TAMS 0x0000000706400000| PB 0x0000000706400000| Untracked |  0
|  29|0x0000000706600000, 0x0000000706600000, 0x0000000706800000|  0%| F|  |TAMS 0x0000000706600000| PB 0x0000000706600000| Untracked |  0
|  30|0x0000000706800000, 0x0000000706800000, 0x0000000706a00000|  0%| F|  |TAMS 0x0000000706800000| PB 0x0000000706800000| Untracked |  0
|  31|0x0000000706a00000, 0x0000000706a00000, 0x0000000706c00000|  0%| F|  |TAMS 0x0000000706a00000| PB 0x0000000706a00000| Untracked |  0
|  32|0x0000000706c00000, 0x0000000706c00000, 0x0000000706e00000|  0%| F|  |TAMS 0x0000000706c00000| PB 0x0000000706c00000| Untracked |  0
|  33|0x0000000706e00000, 0x0000000706e00000, 0x0000000707000000|  0%| F|  |TAMS 0x0000000706e00000| PB 0x0000000706e00000| Untracked |  0
|  34|0x0000000707000000, 0x0000000707000000, 0x0000000707200000|  0%| F|  |TAMS 0x0000000707000000| PB 0x0000000707000000| Untracked |  0
|  35|0x0000000707200000, 0x0000000707200000, 0x0000000707400000|  0%| F|  |TAMS 0x0000000707200000| PB 0x0000000707200000| Untracked |  0
|  36|0x0000000707400000, 0x0000000707400000, 0x0000000707600000|  0%| F|  |TAMS 0x0000000707400000| PB 0x0000000707400000| Untracked |  0
|  37|0x0000000707600000, 0x0000000707600000, 0x0000000707800000|  0%| F|  |TAMS 0x0000000707600000| PB 0x0000000707600000| Untracked |  0
|  38|0x0000000707800000, 0x0000000707800000, 0x0000000707a00000|  0%| F|  |TAMS 0x0000000707800000| PB 0x0000000707800000| Untracked |  0
|  39|0x0000000707a00000, 0x0000000707a00000, 0x0000000707c00000|  0%| F|  |TAMS 0x0000000707a00000| PB 0x0000000707a00000| Untracked |  0
|  40|0x0000000707c00000, 0x0000000707c00000, 0x0000000707e00000|  0%| F|  |TAMS 0x0000000707c00000| PB 0x0000000707c00000| Untracked |  0
|  41|0x0000000707e00000, 0x0000000707e00000, 0x0000000708000000|  0%| F|  |TAMS 0x0000000707e00000| PB 0x0000000707e00000| Untracked |  0
|  42|0x0000000708000000, 0x0000000708000000, 0x0000000708200000|  0%| F|  |TAMS 0x0000000708000000| PB 0x0000000708000000| Untracked |  0
|  43|0x0000000708200000, 0x0000000708200000, 0x0000000708400000|  0%| F|  |TAMS 0x0000000708200000| PB 0x0000000708200000| Untracked |  0
|  44|0x0000000708400000, 0x0000000708400000, 0x0000000708600000|  0%| F|  |TAMS 0x0000000708400000| PB 0x0000000708400000| Untracked |  0
|  45|0x0000000708600000, 0x0000000708600000, 0x0000000708800000|  0%| F|  |TAMS 0x0000000708600000| PB 0x0000000708600000| Untracked |  0
|  46|0x0000000708800000, 0x0000000708800000, 0x0000000708a00000|  0%| F|  |TAMS 0x0000000708800000| PB 0x0000000708800000| Untracked |  0
|  47|0x0000000708a00000, 0x0000000708a00000, 0x0000000708c00000|  0%| F|  |TAMS 0x0000000708a00000| PB 0x0000000708a00000| Untracked |  0
|  48|0x0000000708c00000, 0x0000000708c00000, 0x0000000708e00000|  0%| F|  |TAMS 0x0000000708c00000| PB 0x0000000708c00000| Untracked |  0
|  49|0x0000000708e00000, 0x0000000708e00000, 0x0000000709000000|  0%| F|  |TAMS 0x0000000708e00000| PB 0x0000000708e00000| Untracked |  0
|  50|0x0000000709000000, 0x0000000709000000, 0x0000000709200000|  0%| F|  |TAMS 0x0000000709000000| PB 0x0000000709000000| Untracked |  0
|  51|0x0000000709200000, 0x0000000709200000, 0x0000000709400000|  0%| F|  |TAMS 0x0000000709200000| PB 0x0000000709200000| Untracked |  0
|  52|0x0000000709400000, 0x0000000709400000, 0x0000000709600000|  0%| F|  |TAMS 0x0000000709400000| PB 0x0000000709400000| Untracked |  0
|  53|0x0000000709600000, 0x0000000709600000, 0x0000000709800000|  0%| F|  |TAMS 0x0000000709600000| PB 0x0000000709600000| Untracked |  0
|  54|0x0000000709800000, 0x0000000709800000, 0x0000000709a00000|  0%| F|  |TAMS 0x0000000709800000| PB 0x0000000709800000| Untracked |  0
|  55|0x0000000709a00000, 0x0000000709a00000, 0x0000000709c00000|  0%| F|  |TAMS 0x0000000709a00000| PB 0x0000000709a00000| Untracked |  0
|  56|0x0000000709c00000, 0x0000000709c00000, 0x0000000709e00000|  0%| F|  |TAMS 0x0000000709c00000| PB 0x0000000709c00000| Untracked |  0
|  57|0x0000000709e00000, 0x0000000709e00000, 0x000000070a000000|  0%| F|  |TAMS 0x0000000709e00000| PB 0x0000000709e00000| Untracked |  0
|  58|0x000000070a000000, 0x000000070a000000, 0x000000070a200000|  0%| F|  |TAMS 0x000000070a000000| PB 0x000000070a000000| Untracked |  0
|  59|0x000000070a200000, 0x000000070a200000, 0x000000070a400000|  0%| F|  |TAMS 0x000000070a200000| PB 0x000000070a200000| Untracked |  0
|  60|0x000000070a400000, 0x000000070a400000, 0x000000070a600000|  0%| F|  |TAMS 0x000000070a400000| PB 0x000000070a400000| Untracked |  0
|  61|0x000000070a600000, 0x000000070a600000, 0x000000070a800000|  0%| F|  |TAMS 0x000000070a600000| PB 0x000000070a600000| Untracked |  0
|  62|0x000000070a800000, 0x000000070a800000, 0x000000070aa00000|  0%| F|  |TAMS 0x000000070a800000| PB 0x000000070a800000| Untracked |  0
|  63|0x000000070aa00000, 0x000000070aa00000, 0x000000070ac00000|  0%| F|  |TAMS 0x000000070aa00000| PB 0x000000070aa00000| Untracked |  0
|  64|0x000000070ac00000, 0x000000070ac00000, 0x000000070ae00000|  0%| F|  |TAMS 0x000000070ac00000| PB 0x000000070ac00000| Untracked |  0
|  65|0x000000070ae00000, 0x000000070ae00000, 0x000000070b000000|  0%| F|  |TAMS 0x000000070ae00000| PB 0x000000070ae00000| Untracked |  0
|  66|0x000000070b000000, 0x000000070b000000, 0x000000070b200000|  0%| F|  |TAMS 0x000000070b000000| PB 0x000000070b000000| Untracked |  0
|  67|0x000000070b200000, 0x000000070b200000, 0x000000070b400000|  0%| F|  |TAMS 0x000000070b200000| PB 0x000000070b200000| Untracked |  0
|  68|0x000000070b400000, 0x000000070b400000, 0x000000070b600000|  0%| F|  |TAMS 0x000000070b400000| PB 0x000000070b400000| Untracked |  0
|  69|0x000000070b600000, 0x000000070b600000, 0x000000070b800000|  0%| F|  |TAMS 0x000000070b600000| PB 0x000000070b600000| Untracked |  0
|  70|0x000000070b800000, 0x000000070b800000, 0x000000070ba00000|  0%| F|  |TAMS 0x000000070b800000| PB 0x000000070b800000| Untracked |  0
|  71|0x000000070ba00000, 0x000000070ba00000, 0x000000070bc00000|  0%| F|  |TAMS 0x000000070ba00000| PB 0x000000070ba00000| Untracked |  0
|  72|0x000000070bc00000, 0x000000070bc00000, 0x000000070be00000|  0%| F|  |TAMS 0x000000070bc00000| PB 0x000000070bc00000| Untracked |  0
|  73|0x000000070be00000, 0x000000070be00000, 0x000000070c000000|  0%| F|  |TAMS 0x000000070be00000| PB 0x000000070be00000| Untracked |  0
|  74|0x000000070c000000, 0x000000070c000000, 0x000000070c200000|  0%| F|  |TAMS 0x000000070c000000| PB 0x000000070c000000| Untracked |  0
|  75|0x000000070c200000, 0x000000070c200000, 0x000000070c400000|  0%| F|  |TAMS 0x000000070c200000| PB 0x000000070c200000| Untracked |  0
|  76|0x000000070c400000, 0x000000070c400000, 0x000000070c600000|  0%| F|  |TAMS 0x000000070c400000| PB 0x000000070c400000| Untracked |  0
|  77|0x000000070c600000, 0x000000070c600000, 0x000000070c800000|  0%| F|  |TAMS 0x000000070c600000| PB 0x000000070c600000| Untracked |  0
|  78|0x000000070c800000, 0x000000070c800000, 0x000000070ca00000|  0%| F|  |TAMS 0x000000070c800000| PB 0x000000070c800000| Untracked |  0
|  79|0x000000070ca00000, 0x000000070ca00000, 0x000000070cc00000|  0%| F|  |TAMS 0x000000070ca00000| PB 0x000000070ca00000| Untracked |  0
|  80|0x000000070cc00000, 0x000000070cc00000, 0x000000070ce00000|  0%| F|  |TAMS 0x000000070cc00000| PB 0x000000070cc00000| Untracked |  0
|  81|0x000000070ce00000, 0x000000070ce00000, 0x000000070d000000|  0%| F|  |TAMS 0x000000070ce00000| PB 0x000000070ce00000| Untracked |  0
|  82|0x000000070d000000, 0x000000070d000000, 0x000000070d200000|  0%| F|  |TAMS 0x000000070d000000| PB 0x000000070d000000| Untracked |  0
|  83|0x000000070d200000, 0x000000070d200000, 0x000000070d400000|  0%| F|  |TAMS 0x000000070d200000| PB 0x000000070d200000| Untracked |  0
|  84|0x000000070d400000, 0x000000070d400000, 0x000000070d600000|  0%| F|  |TAMS 0x000000070d400000| PB 0x000000070d400000| Untracked |  0
|  85|0x000000070d600000, 0x000000070d600000, 0x000000070d800000|  0%| F|  |TAMS 0x000000070d600000| PB 0x000000070d600000| Untracked |  0
|  86|0x000000070d800000, 0x000000070d800000, 0x000000070da00000|  0%| F|  |TAMS 0x000000070d800000| PB 0x000000070d800000| Untracked |  0
|  87|0x000000070da00000, 0x000000070da00000, 0x000000070dc00000|  0%| F|  |TAMS 0x000000070da00000| PB 0x000000070da00000| Untracked |  0
|  88|0x000000070dc00000, 0x000000070dc00000, 0x000000070de00000|  0%| F|  |TAMS 0x000000070dc00000| PB 0x000000070dc00000| Untracked |  0
|  89|0x000000070de00000, 0x000000070de00000, 0x000000070e000000|  0%| F|  |TAMS 0x000000070de00000| PB 0x000000070de00000| Untracked |  0
|  90|0x000000070e000000, 0x000000070e000000, 0x000000070e200000|  0%| F|  |TAMS 0x000000070e000000| PB 0x000000070e000000| Untracked |  0
|  91|0x000000070e200000, 0x000000070e200000, 0x000000070e400000|  0%| F|  |TAMS 0x000000070e200000| PB 0x000000070e200000| Untracked |  0
|  92|0x000000070e400000, 0x000000070e400000, 0x000000070e600000|  0%| F|  |TAMS 0x000000070e400000| PB 0x000000070e400000| Untracked |  0
|  93|0x000000070e600000, 0x000000070e600000, 0x000000070e800000|  0%| F|  |TAMS 0x000000070e600000| PB 0x000000070e600000| Untracked |  0
|  94|0x000000070e800000, 0x000000070e800000, 0x000000070ea00000|  0%| F|  |TAMS 0x000000070e800000| PB 0x000000070e800000| Untracked |  0
|  95|0x000000070ea00000, 0x000000070ea00000, 0x000000070ec00000|  0%| F|  |TAMS 0x000000070ea00000| PB 0x000000070ea00000| Untracked |  0
|  96|0x000000070ec00000, 0x000000070ec00000, 0x000000070ee00000|  0%| F|  |TAMS 0x000000070ec00000| PB 0x000000070ec00000| Untracked |  0
|  97|0x000000070ee00000, 0x000000070ee00000, 0x000000070f000000|  0%| F|  |TAMS 0x000000070ee00000| PB 0x000000070ee00000| Untracked |  0
|  98|0x000000070f000000, 0x000000070f000000, 0x000000070f200000|  0%| F|  |TAMS 0x000000070f000000| PB 0x000000070f000000| Untracked |  0
|  99|0x000000070f200000, 0x000000070f200000, 0x000000070f400000|  0%| F|  |TAMS 0x000000070f200000| PB 0x000000070f200000| Untracked |  0
| 100|0x000000070f400000, 0x000000070f400000, 0x000000070f600000|  0%| F|  |TAMS 0x000000070f400000| PB 0x000000070f400000| Untracked |  0
| 101|0x000000070f600000, 0x000000070f600000, 0x000000070f800000|  0%| F|  |TAMS 0x000000070f600000| PB 0x000000070f600000| Untracked |  0
| 102|0x000000070f800000, 0x000000070f800000, 0x000000070fa00000|  0%| F|  |TAMS 0x000000070f800000| PB 0x000000070f800000| Untracked |  0
| 103|0x000000070fa00000, 0x000000070fa00000, 0x000000070fc00000|  0%| F|  |TAMS 0x000000070fa00000| PB 0x000000070fa00000| Untracked |  0
| 104|0x000000070fc00000, 0x000000070fc00000, 0x000000070fe00000|  0%| F|  |TAMS 0x000000070fc00000| PB 0x000000070fc00000| Untracked |  0
| 105|0x000000070fe00000, 0x000000070fe00000, 0x0000000710000000|  0%| F|  |TAMS 0x000000070fe00000| PB 0x000000070fe00000| Untracked |  0
| 106|0x0000000710000000, 0x0000000710000000, 0x0000000710200000|  0%| F|  |TAMS 0x0000000710000000| PB 0x0000000710000000| Untracked |  0
| 107|0x0000000710200000, 0x0000000710200000, 0x0000000710400000|  0%| F|  |TAMS 0x0000000710200000| PB 0x0000000710200000| Untracked |  0
| 108|0x0000000710400000, 0x0000000710400000, 0x0000000710600000|  0%| F|  |TAMS 0x0000000710400000| PB 0x0000000710400000| Untracked |  0
| 109|0x0000000710600000, 0x0000000710600000, 0x0000000710800000|  0%| F|  |TAMS 0x0000000710600000| PB 0x0000000710600000| Untracked |  0
| 110|0x0000000710800000, 0x0000000710800000, 0x0000000710a00000|  0%| F|  |TAMS 0x0000000710800000| PB 0x0000000710800000| Untracked |  0
| 111|0x0000000710a00000, 0x0000000710a00000, 0x0000000710c00000|  0%| F|  |TAMS 0x0000000710a00000| PB 0x0000000710a00000| Untracked |  0
| 112|0x0000000710c00000, 0x0000000710c00000, 0x0000000710e00000|  0%| F|  |TAMS 0x0000000710c00000| PB 0x0000000710c00000| Untracked |  0
| 113|0x0000000710e00000, 0x0000000710e00000, 0x0000000711000000|  0%| F|  |TAMS 0x0000000710e00000| PB 0x0000000710e00000| Untracked |  0
| 114|0x0000000711000000, 0x0000000711000000, 0x0000000711200000|  0%| F|  |TAMS 0x0000000711000000| PB 0x0000000711000000| Untracked |  0
| 115|0x0000000711200000, 0x0000000711200000, 0x0000000711400000|  0%| F|  |TAMS 0x0000000711200000| PB 0x0000000711200000| Untracked |  0
| 116|0x0000000711400000, 0x00000007114f5c48, 0x0000000711600000| 48%| E|  |TAMS 0x0000000711400000| PB 0x0000000711400000| Complete |  0
| 117|0x0000000711600000, 0x0000000711800000, 0x0000000711800000|100%| E|CS|TAMS 0x0000000711600000| PB 0x0000000711600000| Complete |  0
| 118|0x0000000711800000, 0x0000000711a00000, 0x0000000711a00000|100%| E|CS|TAMS 0x0000000711800000| PB 0x0000000711800000| Complete |  0
| 119|0x0000000711a00000, 0x0000000711c00000, 0x0000000711c00000|100%| E|CS|TAMS 0x0000000711a00000| PB 0x0000000711a00000| Complete |  0
| 120|0x0000000711c00000, 0x0000000711e00000, 0x0000000711e00000|100%| E|CS|TAMS 0x0000000711c00000| PB 0x0000000711c00000| Complete |  0
| 121|0x0000000711e00000, 0x0000000712000000, 0x0000000712000000|100%| E|CS|TAMS 0x0000000711e00000| PB 0x0000000711e00000| Complete |  0
| 122|0x0000000712000000, 0x0000000712200000, 0x0000000712200000|100%| E|CS|TAMS 0x0000000712000000| PB 0x0000000712000000| Complete |  0
| 123|0x0000000712200000, 0x0000000712400000, 0x0000000712400000|100%| E|CS|TAMS 0x0000000712200000| PB 0x0000000712200000| Complete |  0
| 124|0x0000000712400000, 0x0000000712600000, 0x0000000712600000|100%| E|CS|TAMS 0x0000000712400000| PB 0x0000000712400000| Complete |  0
| 125|0x0000000712600000, 0x0000000712800000, 0x0000000712800000|100%| E|CS|TAMS 0x0000000712600000| PB 0x0000000712600000| Complete |  0
| 126|0x0000000712800000, 0x0000000712a00000, 0x0000000712a00000|100%| E|CS|TAMS 0x0000000712800000| PB 0x0000000712800000| Complete |  0
|2025|0x00000007ffe00000, 0x00000007fff257b8, 0x0000000800000000| 57%| O|  |TAMS 0x00000007ffe00000| PB 0x00000007ffe00000| Untracked |  0

Card table byte_map: [0x0000021b2eb10000,0x0000021b2f300000] _byte_map_base: 0x0000021b2b2fa000

Marking Bits: (CMBitMap*) 0x0000021b1626d9d0
 Bits: [0x0000021b2f300000, 0x0000021b33250000)

Polling page: 0x0000021b14010000

Metaspace:
Metaspace        used 8670K, committed 8832K, reserved 1114112K
 class space     used 1029K, committed 1088K, reserved 1048576K

Usage:
  Non-class:      7.46 MB used.
      Class:      1.01 MB used.
       Both:      8.47 MB used.

Virtual space:
  Non-class space:       64.00 MB reserved,       7.56 MB ( 12%) committed,  1 nodes.
      Class space:        1.00 GB reserved,       1.06 MB ( <1%) committed,  1 nodes.
             Both:        1.06 GB reserved,       8.62 MB ( <1%) committed. 

Chunk freelists:
   Non-Class:  5.94 MB
       Class:  14.82 MB
        Both:  20.76 MB

MaxMetaspaceSize: unlimited
CompressedClassSpaceSize: 1.00 GB
Initial GC threshold: 21.00 MB
Current GC threshold: 21.00 MB
CDS: on
 - commit_granule_bytes: 65536.
 - commit_granule_words: 8192.
 - virtual_space_node_default_size: 8388608.
 - enlarge_chunks_in_place: 1.
UseCompressedClassPointers 1, UseCompactObjectHeaders 0
Narrow klass pointer bits 32, Max shift 3
Narrow klass base: 0x0000000030000000, Narrow klass shift: 0
Encoding Range: [0x0000000030000000 - 0x0000000130000000), (4294967296 bytes)
Klass Range:    [0x0000000030010000 - 0x0000000071000000), (1090453504 bytes)
Klass ID Range:  [65536 - 1090519033) (1090453497)
Protection zone: [0x0000000030000000 - 0x0000000030010000), (65536 bytes)


Internal statistics:

num_allocs_failed_limit: 0.
num_arena_births: 70.
num_arena_deaths: 0.
num_vsnodes_births: 2.
num_vsnodes_deaths: 0.
num_space_committed: 138.
num_space_uncommitted: 0.
num_chunks_returned_to_freelist: 0.
num_chunks_taken_from_freelist: 382.
num_chunk_merges: 0.
num_chunk_splits: 260.
num_chunks_enlarged: 208.
num_inconsistent_stats: 0.

CodeHeap 'non-profiled nmethods': size=119232Kb used=864Kb max_used=864Kb free=118367Kb
 bounds [0x0000021b26620000, 0x0000021b26890000, 0x0000021b2da90000]
CodeHeap 'profiled nmethods': size=119104Kb used=1903Kb max_used=1903Kb free=117200Kb
 bounds [0x0000021b1ea90000, 0x0000021b1ed00000, 0x0000021b25ee0000]
CodeHeap 'non-nmethods': size=7424Kb used=2494Kb max_used=2501Kb free=4929Kb
 bounds [0x0000021b25ee0000, 0x0000021b26180000, 0x0000021b26620000]
CodeCache: size=245760Kb, used=5261Kb, max_used=5268Kb, free=240496Kb
 total_blobs=1823, nmethods=1360, adapters=357, full_count=0
Compilation: enabled, stopped_count=0, restarted_count=0

Compilation events (20 events):
Event: 0.265 Thread 0x0000021b35a540b0 nmethod 843 0x0000021b26656d88 code [0x0000021b26656e80, 0x0000021b26656f48]
Event: 0.265 Thread 0x0000021b363a09e0 nmethod 848 0x0000021b1eb9ae88 code [0x0000021b1eb9af80, 0x0000021b1eb9b268]
Event: 0.266 Thread 0x0000021b35a540b0  851       3       java.util.ArrayList::<init> (61 bytes)
Event: 0.266 Thread 0x0000021b363a09e0  852       3       java.lang.classfile.TypeKind::from (25 bytes)
Event: 0.266 Thread 0x0000021b35a540b0 nmethod 851 0x0000021b1eb9b288 code [0x0000021b1eb9b380, 0x0000021b1eb9bea0]
Event: 0.266 Thread 0x0000021b363a09e0 nmethod 852 0x0000021b1eb9bf08 code [0x0000021b1eb9c000, 0x0000021b1eb9c318]
Event: 0.266 Thread 0x0000021b35a540b0  853       3       java.lang.invoke.DirectMethodHandle::internalMemberName (8 bytes)
Event: 0.266 Thread 0x0000021b35a540b0 nmethod 853 0x0000021b1eb9c388 code [0x0000021b1eb9c480, 0x0000021b1eb9c648]
Event: 0.266 Thread 0x0000021b35a540b0  854       3       com.sun.tools.javac.util.Name::lastIndexOfAscii (9 bytes)
Event: 0.266 Thread 0x0000021b363c5970  855       3       com.sun.tools.javac.util.Name::append (36 bytes)
Event: 0.266 Thread 0x0000021b363a09e0  856       3       com.sun.tools.javac.code.Symtab::getPackage (26 bytes)
Event: 0.266 Thread 0x0000021b363a09e0 nmethod 856 0x0000021b1eb9c688 code [0x0000021b1eb9c780, 0x0000021b1eb9cc40]
Event: 0.267 Thread 0x0000021b35a540b0 nmethod 854 0x0000021b1eb9cc88 code [0x0000021b1eb9cd80, 0x0000021b1eb9d470]
Event: 0.267 Thread 0x0000021b363c5970 nmethod 855 0x0000021b1eb9d488 code [0x0000021b1eb9d580, 0x0000021b1eb9de80]
Event: 0.267 Thread 0x0000021b363c5970  857       3       com.sun.tools.javac.code.Symbol::<init> (45 bytes)
Event: 0.267 Thread 0x0000021b35a540b0  858       3       com.sun.tools.javac.code.Type::<init> (20 bytes)
Event: 0.267 Thread 0x0000021b363c5970 nmethod 857 0x0000021b1eb9df08 code [0x0000021b1eb9e000, 0x0000021b1eb9e3f8]
Event: 0.267 Thread 0x0000021b35a540b0 nmethod 858 0x0000021b1eb9e408 code [0x0000021b1eb9e500, 0x0000021b1eb9e950]
Event: 0.268 Thread 0x0000021b35a540b0  859       3       java.net.URI::match (56 bytes)
Event: 0.268 Thread 0x0000021b35a540b0 nmethod 859 0x0000021b1eb9e988 code [0x0000021b1eb9ea80, 0x0000021b1eb9ed28]

GC Heap Usage History (0 events):
No events

Metaspace Usage History (0 events):
No events

Dll operation events (4 events):
Event: 0.009 Loaded shared library C:\Program Files\Java\jdk-25.0.2\bin\java.dll
Event: 0.053 Loaded shared library C:\Program Files\Java\jdk-25.0.2\bin\jimage.dll
Event: 0.059 Loaded shared library C:\Program Files\Java\jdk-25.0.2\bin\net.dll
Event: 0.061 Loaded shared library C:\Program Files\Java\jdk-25.0.2\bin\nio.dll

Deoptimization events (20 events):
Event: 0.081 Thread 0x0000021b161ffb80 Uncommon trap: trap_request=0xffffffde fr.pc=0x0000021b2662e6ac relative=0x00000000000006ac
Event: 0.081 Thread 0x0000021b161ffb80 Uncommon trap: reason=class_check action=maybe_recompile pc=0x0000021b2662e6ac method=java.util.HashMap.putVal(ILjava/lang/Object;Ljava/lang/Object;ZZ)Ljava/lang/Object; @ 106 c2
Event: 0.081 Thread 0x0000021b161ffb80 DEOPT PACKING pc=0x0000021b2662e6ac sp=0x00000076dd5fcf10
Event: 0.081 Thread 0x0000021b161ffb80 DEOPT UNPACKING pc=0x0000021b25fffc02 sp=0x00000076dd5fce98 mode 2
Event: 0.211 Thread 0x0000021b161ffb80 Uncommon trap: trap_request=0xffffff45 fr.pc=0x0000021b26643928 relative=0x0000000000000128
Event: 0.211 Thread 0x0000021b161ffb80 Uncommon trap: reason=unstable_if action=reinterpret pc=0x0000021b26643928 method=java.lang.StringLatin1.lastIndexOf([BII)I @ 19 c2
Event: 0.211 Thread 0x0000021b161ffb80 DEOPT PACKING pc=0x0000021b26643928 sp=0x00000076dd5fe220
Event: 0.211 Thread 0x0000021b161ffb80 DEOPT UNPACKING pc=0x0000021b25fffc02 sp=0x00000076dd5fe1a0 mode 2
Event: 0.250 Thread 0x0000021b161ffb80 Uncommon trap: trap_request=0xffffff45 fr.pc=0x0000021b26652524 relative=0x00000000000000a4
Event: 0.250 Thread 0x0000021b161ffb80 Uncommon trap: reason=unstable_if action=reinterpret pc=0x0000021b26652524 method=java.util.HashMap.hash(Ljava/lang/Object;)I @ 1 c2
Event: 0.250 Thread 0x0000021b161ffb80 DEOPT PACKING pc=0x0000021b26652524 sp=0x00000076dd5fe010
Event: 0.250 Thread 0x0000021b161ffb80 DEOPT UNPACKING pc=0x0000021b25fffc02 sp=0x00000076dd5fdfa8 mode 2
Event: 0.262 Thread 0x0000021b161ffb80 Uncommon trap: trap_request=0xffffffde fr.pc=0x0000021b266360b4 relative=0x00000000000004b4
Event: 0.262 Thread 0x0000021b161ffb80 Uncommon trap: reason=class_check action=maybe_recompile pc=0x0000021b266360b4 method=java.util.HashMap.putVal(ILjava/lang/Object;Ljava/lang/Object;ZZ)Ljava/lang/Object; @ 253 c2
Event: 0.262 Thread 0x0000021b161ffb80 DEOPT PACKING pc=0x0000021b266360b4 sp=0x00000076dd5feaf0
Event: 0.262 Thread 0x0000021b161ffb80 DEOPT UNPACKING pc=0x0000021b25fffc02 sp=0x00000076dd5fea80 mode 2
Event: 0.262 Thread 0x0000021b161ffb80 Uncommon trap: trap_request=0xffffffde fr.pc=0x0000021b266360b4 relative=0x00000000000004b4
Event: 0.262 Thread 0x0000021b161ffb80 Uncommon trap: reason=class_check action=maybe_recompile pc=0x0000021b266360b4 method=java.util.HashMap.putVal(ILjava/lang/Object;Ljava/lang/Object;ZZ)Ljava/lang/Object; @ 253 c2
Event: 0.262 Thread 0x0000021b161ffb80 DEOPT PACKING pc=0x0000021b266360b4 sp=0x00000076dd5feaf0
Event: 0.262 Thread 0x0000021b161ffb80 DEOPT UNPACKING pc=0x0000021b25fffc02 sp=0x00000076dd5fea80 mode 2

Classes loaded (20 events):
Event: 0.239 Loading class java/net/URLClassLoader$1
Event: 0.239 Loading class java/net/URLClassLoader$1 done
Event: 0.239 Loading class java/util/ServiceConfigurationError
Event: 0.240 Loading class java/util/ServiceConfigurationError done
Event: 0.240 Loading class java/lang/UnsupportedClassVersionError
Event: 0.240 Loading class java/lang/ClassFormatError
Event: 0.240 Loading class java/lang/ClassFormatError done
Event: 0.240 Loading class java/lang/UnsupportedClassVersionError done
Event: 0.246 Loading class java/lang/StringIndexOutOfBoundsException
Event: 0.246 Loading class java/lang/StringIndexOutOfBoundsException done
Event: 0.253 Loading class java/util/EnumMap$Values
Event: 0.253 Loading class java/util/EnumMap$Values done
Event: 0.253 Loading class java/util/EnumMap$ValueIterator
Event: 0.253 Loading class java/util/EnumMap$EnumMapIterator
Event: 0.253 Loading class java/util/EnumMap$EnumMapIterator done
Event: 0.253 Loading class java/util/EnumMap$ValueIterator done
Event: 0.254 Loading class java/lang/StringLatin1$LinesSpliterator
Event: 0.254 Loading class java/lang/StringLatin1$LinesSpliterator done
Event: 0.258 Loading class java/util/ServiceLoader$ProviderSpliterator
Event: 0.259 Loading class java/util/ServiceLoader$ProviderSpliterator done

Classes unloaded (0 events):
No events

Classes redefined (0 events):
No events

Internal exceptions (20 events):
Event: 0.079 Thread 0x0000021b161ffb80 Exception <a 'java/lang/NoSuchMethodError'{0x000000071267bf60}: 'void java.lang.invoke.DirectMethodHandle$Holder.invokeSpecial(java.lang.Object, java.lang.Object, java.lang.Object)'> (0x000000071267bf60) 
thrown [s\open\src\hotspot\share\interpreter\linkResolver.cpp, line 804]
Event: 0.106 Thread 0x0000021b161ffb80 Exception <a 'java/lang/NoSuchMethodError'{0x000000071244e368}: 'void java.lang.invoke.DirectMethodHandle$Holder.invokeStatic(java.lang.Object, java.lang.Object)'> (0x000000071244e368) 
thrown [s\open\src\hotspot\share\interpreter\linkResolver.cpp, line 804]
Event: 0.108 Thread 0x0000021b161ffb80 Exception <a 'java/lang/NoSuchMethodError'{0x000000071246f4a0}: 'void java.lang.invoke.DirectMethodHandle$Holder.invokeStatic(java.lang.Object, java.lang.Object, java.lang.Object, java.lang.Object)'> (0x000000071246f4a0) 
thrown [s\open\src\hotspot\share\interpreter\linkResolver.cpp, line 804]
Event: 0.118 Thread 0x0000021b161ffb80 Exception <a 'java/lang/NoSuchMethodError'{0x00000007124c7440}: 'int java.lang.invoke.DirectMethodHandle$Holder.invokeVirtual(java.lang.Object, java.lang.Object, java.lang.Object)'> (0x00000007124c7440) 
thrown [s\open\src\hotspot\share\interpreter\linkResolver.cpp, line 804]
Event: 0.119 Thread 0x0000021b161ffb80 Exception <a 'java/lang/NoSuchMethodError'{0x00000007124d6e10}: 'void java.lang.invoke.DirectMethodHandle$Holder.invokeInterface(java.lang.Object, java.lang.Object, java.lang.Object)'> (0x00000007124d6e10) 
thrown [s\open\src\hotspot\share\interpreter\linkResolver.cpp, line 804]
Event: 0.123 Thread 0x0000021b161ffb80 Exception <a 'java/lang/NoSuchMethodError'{0x00000007124fc4b8}: 'java.lang.Object java.lang.invoke.DirectMethodHandle$Holder.invokeStaticInit(java.lang.Object)'> (0x00000007124fc4b8) 
thrown [s\open\src\hotspot\share\interpreter\linkResolver.cpp, line 804]
Event: 0.158 Thread 0x0000021b161ffb80 Exception <a 'java/lang/NoSuchMethodError'{0x00000007125ec900}: 'int java.lang.invoke.DirectMethodHandle$Holder.invokeStaticInit(java.lang.Object, java.lang.Object)'> (0x00000007125ec900) 
thrown [s\open\src\hotspot\share\interpreter\linkResolver.cpp, line 804]
Event: 0.169 Thread 0x0000021b161ffb80 Exception <a 'java/lang/NoSuchMethodError'{0x000000071222ffe8}: 'java.lang.Object java.lang.invoke.DirectMethodHandle$Holder.newInvokeSpecial(java.lang.Object, java.lang.Object, int)'> (0x000000071222ffe8) 
thrown [s\open\src\hotspot\share\interpreter\linkResolver.cpp, line 804]
Event: 0.182 Thread 0x0000021b161ffb80 Exception <a 'java/lang/NoSuchMethodError'{0x000000071226b228}: 'void java.lang.invoke.DirectMethodHandle$Holder.invokeStatic(java.lang.Object, java.lang.Object, java.lang.Object)'> (0x000000071226b228) 
thrown [s\open\src\hotspot\share\interpreter\linkResolver.cpp, line 804]
Event: 0.196 Thread 0x0000021b161ffb80 Exception <a 'java/lang/NoSuchMethodError'{0x00000007122e66e0}: 'int java.lang.invoke.DirectMethodHandle$Holder.invokeVirtual(java.lang.Object, java.lang.Object)'> (0x00000007122e66e0) 
thrown [s\open\src\hotspot\share\interpreter\linkResolver.cpp, line 804]
Event: 0.200 Thread 0x0000021b161ffb80 Exception <a 'java/lang/NoSuchMethodError'{0x000000071234fd68}: 'java.lang.Object java.lang.invoke.DirectMethodHandle$Holder.newInvokeSpecial(java.lang.Object, java.lang.Object, java.lang.Object, java.lang.Object, java.lang.Object)'> (0x000000071234fd68) 
thrown [s\open\src\hotspot\share\interpreter\linkResolver.cpp, line 804]
Event: 0.202 Thread 0x0000021b161ffb80 Exception <a 'java/lang/NoSuchMethodError'{0x000000071236b168}: 'java.lang.Object java.lang.invoke.DirectMethodHandle$Holder.newInvokeSpecial(java.lang.Object, java.lang.Object, java.lang.Object, java.lang.Object, java.lang.Object, java.lang.Object)'> (0x000000071236b168) 
thrown [s\open\src\hotspot\share\interpreter\linkResolver.cpp, line 804]
Event: 0.204 Thread 0x0000021b161ffb80 Exception <a 'java/lang/NoSuchMethodError'{0x000000071239c278}: 'java.lang.Object java.lang.invoke.DirectMethodHandle$Holder.newInvokeSpecial(java.lang.Object, java.lang.Object, java.lang.Object, int)'> (0x000000071239c278) 
thrown [s\open\src\hotspot\share\interpreter\linkResolver.cpp, line 804]
Event: 0.205 Thread 0x0000021b161ffb80 Exception <a 'java/lang/NoSuchMethodError'{0x00000007123a4fd0}: 'java.lang.Object java.lang.invoke.Invokers$Holder.linkToTargetMethod(java.lang.Object, java.lang.Object, int, java.lang.Object)'> (0x00000007123a4fd0) 
thrown [s\open\src\hotspot\share\interpreter\linkResolver.cpp, line 804]
Event: 0.218 Thread 0x0000021b161ffb80 Exception <a 'java/lang/NoSuchMethodError'{0x0000000712042ed8}: 'java.lang.Object java.lang.invoke.DirectMethodHandle$Holder.invokeVirtual(java.lang.Object, java.lang.Object, java.lang.Object)'> (0x0000000712042ed8) 
thrown [s\open\src\hotspot\share\interpreter\linkResolver.cpp, line 804]
Event: 0.220 Thread 0x0000021b161ffb80 Exception <a 'java/lang/NoSuchMethodError'{0x000000071205b568}: 'int java.lang.invoke.DirectMethodHandle$Holder.invokeInterface(java.lang.Object, java.lang.Object)'> (0x000000071205b568) 
thrown [s\open\src\hotspot\share\interpreter\linkResolver.cpp, line 804]
Event: 0.221 Thread 0x0000021b161ffb80 Exception <a 'sun/nio/fs/WindowsException'{0x00000007120717e0}> (0x00000007120717e0) 
thrown [s\open\src\hotspot\share\prims\jni.cpp, line 516]
Event: 0.250 Thread 0x0000021b161ffb80 Implicit null exception at 0x0000021b2665249d to 0x0000021b26652515
Event: 0.254 Thread 0x0000021b161ffb80 Exception <a 'sun/nio/fs/WindowsException'{0x0000000712126a48}> (0x0000000712126a48) 
thrown [s\open\src\hotspot\share\prims\jni.cpp, line 516]
Event: 0.257 Thread 0x0000021b161ffb80 Exception <a 'sun/nio/fs/WindowsException'{0x0000000712146d50}> (0x0000000712146d50) 
thrown [s\open\src\hotspot\share\prims\jni.cpp, line 516]

VM Operations (8 events):
Event: 0.044 Executing non-safepoint VM operation: HandshakeAllThreads (Deoptimize)
Event: 0.044 Executing non-safepoint VM operation: HandshakeAllThreads (Deoptimize) done
Event: 0.126 Executing non-safepoint VM operation: HandshakeAllThreads (Deoptimize)
Event: 0.126 Executing non-safepoint VM operation: HandshakeAllThreads (Deoptimize) done
Event: 0.223 Executing non-safepoint VM operation: HandshakeAllThreads (Deoptimize)
Event: 0.223 Executing non-safepoint VM operation: HandshakeAllThreads (Deoptimize) done
Event: 0.258 Executing non-safepoint VM operation: HandshakeAllThreads (Deoptimize)
Event: 0.258 Executing non-safepoint VM operation: HandshakeAllThreads (Deoptimize) done

Memory protections (0 events):
No events

Nmethod flushes (0 events):
No events

Events (14 events):
Event: 0.020 Thread 0x0000021b161ffb80 Thread added: 0x0000021b161ffb80
Event: 0.029 Thread 0x0000021b161ffb80 Thread added: 0x0000021b35a03ca0
Event: 0.029 Thread 0x0000021b161ffb80 Thread added: 0x0000021b35a04460
Event: 0.029 Thread 0x0000021b161ffb80 Thread added: 0x0000021b35a06e30
Event: 0.029 Thread 0x0000021b161ffb80 Thread added: 0x0000021b35a0bef0
Event: 0.029 Thread 0x0000021b161ffb80 Thread added: 0x0000021b35a14ae0
Event: 0.029 Thread 0x0000021b161ffb80 Thread added: 0x0000021b35a0ea60
Event: 0.029 Thread 0x0000021b161ffb80 Thread added: 0x0000021b35a40470
Event: 0.030 Thread 0x0000021b161ffb80 Thread added: 0x0000021b35a540b0
Event: 0.044 Thread 0x0000021b35a540b0 Thread added: 0x0000021b363a09e0
Event: 0.044 Thread 0x0000021b363a09e0 Thread added: 0x0000021b363c5970
Event: 0.048 Thread 0x0000021b35a40470 Thread added: 0x0000021b36438de0
Event: 0.051 Thread 0x0000021b161ffb80 Thread added: 0x0000021b35a11940
Event: 0.058 Thread 0x0000021b161ffb80 Thread added: 0x0000021b35a0f230


Dynamic libraries:
0x00007ff64fa70000 - 0x00007ff64fa80000 	C:\Program Files\Java\jdk-25.0.2\bin\java.exe
0x00007ffbb4be0000 - 0x00007ffbb4e47000 	C:\Windows\SYSTEM32\ntdll.dll
0x00007ffb71d60000 - 0x00007ffb71d81000 	C:\Program Files\Avast Software\Avast\aswhook.dll
0x00007ffbb3d40000 - 0x00007ffbb3e09000 	C:\Windows\System32\KERNEL32.DLL
0x00007ffbb2580000 - 0x00007ffbb2971000 	C:\Windows\System32\KERNELBASE.dll
0x00007ffbb1fd0000 - 0x00007ffbb211b000 	C:\Windows\System32\ucrtbase.dll
0x00007ffb88e70000 - 0x00007ffb88e87000 	C:\Program Files\Java\jdk-25.0.2\bin\jli.dll
0x00007ffb88e50000 - 0x00007ffb88e6e000 	C:\Program Files\Java\jdk-25.0.2\bin\VCRUNTIME140.dll
0x00007ffbb49b0000 - 0x00007ffbb4b75000 	C:\Windows\System32\USER32.dll
0x00007ffbb1570000 - 0x00007ffbb1597000 	C:\Windows\System32\win32u.dll
0x00007ffb8fea0000 - 0x00007ffb90133000 	C:\Windows\WinSxS\amd64_microsoft.windows.common-controls_6595b64144ccf1df_6.0.26100.8037_none_3e092faae333b53b\COMCTL32.dll
0x00007ffbb38b0000 - 0x00007ffbb38db000 	C:\Windows\System32\GDI32.dll
0x00007ffbb4000000 - 0x00007ffbb40a9000 	C:\Windows\System32\msvcrt.dll
0x00007ffbb1ea0000 - 0x00007ffbb1fcb000 	C:\Windows\System32\gdi32full.dll
0x00007ffbb24d0000 - 0x00007ffbb2573000 	C:\Windows\System32\msvcp_win.dll
0x00007ffbb3fc0000 - 0x00007ffbb3ff1000 	C:\Windows\System32\IMM32.DLL
0x00007ffbaccb0000 - 0x00007ffbaccbc000 	C:\Program Files\Java\jdk-25.0.2\bin\vcruntime140_1.dll
0x00007ffb882d0000 - 0x00007ffb8835d000 	C:\Program Files\Java\jdk-25.0.2\bin\msvcp140.dll
0x00007ffa9ec00000 - 0x00007ffa9fa5f000 	C:\Program Files\Java\jdk-25.0.2\bin\server\jvm.dll
0x00007ffbb3200000 - 0x00007ffbb32bb000 	C:\Windows\System32\ADVAPI32.dll
0x00007ffbb3030000 - 0x00007ffbb30d7000 	C:\Windows\System32\sechost.dll
0x00007ffbb3e20000 - 0x00007ffbb3f38000 	C:\Windows\System32\RPCRT4.dll
0x00007ffbb3f40000 - 0x00007ffbb3fb4000 	C:\Windows\System32\WS2_32.dll
0x00007ffba52c0000 - 0x00007ffba52f5000 	C:\Windows\SYSTEM32\WINMM.dll
0x00007ffbb1320000 - 0x00007ffbb137e000 	C:\Windows\SYSTEM32\POWRPROF.dll
0x00007ffbaab20000 - 0x00007ffbaab2b000 	C:\Windows\SYSTEM32\VERSION.dll
0x00007ffbb1300000 - 0x00007ffbb1314000 	C:\Windows\SYSTEM32\UMPDC.dll
0x00007ffbb0230000 - 0x00007ffbb024b000 	C:\Windows\SYSTEM32\kernel.appcore.dll
0x00007ffbacbb0000 - 0x00007ffbacbba000 	C:\Program Files\Java\jdk-25.0.2\bin\jimage.dll
0x00007ffb9f740000 - 0x00007ffb9f982000 	C:\Windows\SYSTEM32\DBGHELP.DLL
0x00007ffbb3930000 - 0x00007ffbb3cb2000 	C:\Windows\System32\combase.dll
0x00007ffbb2980000 - 0x00007ffbb2a57000 	C:\Windows\System32\OLEAUT32.dll
0x00007ffb9f700000 - 0x00007ffb9f73b000 	C:\Windows\SYSTEM32\dbgcore.DLL
0x00007ffbb14c0000 - 0x00007ffbb1565000 	C:\Windows\System32\bcryptPrimitives.dll
0x00007ffb88e30000 - 0x00007ffb88e4f000 	C:\Program Files\Java\jdk-25.0.2\bin\java.dll
0x00007ffbb2e10000 - 0x00007ffbb2fa5000 	C:\Windows\System32\ole32.dll
0x00007ffbb40e0000 - 0x00007ffbb483f000 	C:\Windows\System32\SHELL32.dll
0x00007ffbb21e0000 - 0x00007ffbb234a000 	C:\Windows\System32\wintypes.dll
0x00007ffbb1630000 - 0x00007ffbb1e94000 	C:\Windows\System32\windows.storage.dll
0x00007ffbb30f0000 - 0x00007ffbb31e7000 	C:\Windows\System32\SHCORE.dll
0x00007ffbb4850000 - 0x00007ffbb48b7000 	C:\Windows\System32\shlwapi.dll
0x00007ffbb13e0000 - 0x00007ffbb1409000 	C:\Windows\SYSTEM32\profapi.dll
0x00007ffb88e10000 - 0x00007ffb88e22000 	C:\Program Files\Java\jdk-25.0.2\bin\net.dll
0x00007ffbb07c0000 - 0x00007ffbb082b000 	C:\Windows\system32\mswsock.dll
0x00007ffb881a0000 - 0x00007ffb881b6000 	C:\Program Files\Java\jdk-25.0.2\bin\nio.dll

JVMTI agents: none

dbghelp: loaded successfully - version: 4.0.5 - missing functions: none
symbol engine: initialized successfully - sym options: 0x614 - pdb path: .;C:\Program Files\Java\jdk-25.0.2\bin;C:\Windows\SYSTEM32;C:\Program Files\Avast Software\Avast;C:\Windows\WinSxS\amd64_microsoft.windows.common-controls_6595b64144ccf1df_6.0.26100.8037_none_3e092faae333b53b;C:\Program Files\Java\jdk-25.0.2\bin\server

VM Arguments:
jvm_args: --add-modules=ALL-DEFAULT 
java_command: jdk.compiler/com.sun.tools.javac.launcher.SourceLauncher .\08-strings\01_Defanging_an_IP_Address.java
java_class_path (initial): .
Launcher Type: SUN_STANDARD

[Global flags]
     intx CICompilerCount                          = 12                                        {product} {ergonomic}
     uint ConcGCThreads                            = 3                                         {product} {ergonomic}
     uint G1ConcRefinementThreads                  = 13                                        {product} {ergonomic}
   size_t G1HeapRegionSize                         = 2097152                                   {product} {ergonomic}
   size_t InitialHeapSize                          = 266338304                                 {product} {ergonomic}
   size_t MarkStackSize                            = 4194304                                   {product} {ergonomic}
   size_t MarkStackSizeMax                         = 536870912                                 {product} {ergonomic}
   size_t MaxHeapSize                              = 4248829952                                {product} {ergonomic}
   size_t MaxNewSize                               = 2548039680                                {product} {ergonomic}
   size_t MinHeapDeltaBytes                        = 2097152                                   {product} {ergonomic}
   size_t MinHeapSize                              = 8388608                                   {product} {ergonomic}
    uintx NonNMethodCodeHeapSize                   = 7602176                                {pd product} {ergonomic}
    uintx NonProfiledCodeHeapSize                  = 122093568                              {pd product} {ergonomic}
    uintx ProfiledCodeHeapSize                     = 121962496                              {pd product} {ergonomic}
    uintx ReservedCodeCacheSize                    = 251658240                              {pd product} {ergonomic}
     bool SegmentedCodeCache                       = true                                      {product} {ergonomic}
   size_t SoftMaxHeapSize                          = 4248829952                             {manageable} {ergonomic}
     bool UseCompressedOops                        = true                           {product lp64_product} {ergonomic}
     bool UseG1GC                                  = true                                      {product} {ergonomic}
     bool UseLargePagesIndividualAllocation        = false                                  {pd product} {ergonomic}

Logging:
Log output configuration:
 #0: stdout all=warning uptime,level,tags foldmultilines=false
 #1: stderr all=off uptime,level,tags foldmultilines=false

Release file:
IMPLEMENTOR="Oracle Corporation" 
JAVA_RUNTIME_VERSION="25.0.2+10-LTS-69" 
JAVA_VERSION="25.0.2" 
JAVA_VERSION_DATE="2026-01-20" 
LIBC="default" 
MODULES="java.base java.compiler java.datatransfer java.xml java.prefs java.desktop java.instrument java.logging java.management java.security.sasl java.naming java.rmi java.management.rmi java.net.http java.scripting java.security.jgss java.transaction.xa java.sql java.sql.rowset java.xml.crypto java.se java.smartcardio jdk.accessibility jdk.internal.jvmstat jdk.attach jdk.charsets jdk.internal.opt jdk.zipfs jdk.compiler jdk.crypto.cryptoki jdk.crypto.ec jdk.crypto.mscapi jdk.dynalink jdk.internal.ed jdk.editpad jdk.internal.vm.ci jdk.graal.compiler jdk.graal.compiler.management jdk.hotspot.agent jdk.httpserver jdk.incubator.vector jdk.internal.le jdk.internal.md jdk.jartool jdk.javadoc jdk.jcmd jdk.management jdk.management.agent jdk.jconsole jdk.jdeps jdk.jdwp.agent jdk.jdi jdk.jfr jdk.jlink jdk.jpackage jdk.jshell jdk.jsobject jdk.jstatd jdk.localedata jdk.management.jfr jdk.naming.dns jdk.naming.rmi jdk.net jdk.nio.mapmode jdk.sctp jdk.security.auth jdk.security.jgss jdk.unsupported jdk.unsupported.desktop jdk.xml.dom" 
OS_ARCH="x86_64" 
OS_NAME="Windows" 
SOURCE=".:git:b75efb40c93a open:git:405a5699ebd0" 

Environment Variables:
PATH=C:\Users\sb400\AppData\Local\Programs\Microsoft VS Code;C:\Program Files\Common Files\Oracle\Java\javapath;C:\Program Files\Python313\Scripts\;C:\Program Files\Python313\;C:\Windows\system32;C:\Windows;C:\Windows\System32\Wbem;C:\Windows\System32\WindowsPowerShell\v1.0\;C:\Windows\System32\OpenSSH\;C:\Program Files (x86)\NVIDIA Corporation\PhysX\Common;C:\Program Files\NVIDIA Corporation\NVIDIA NvDLISR;C:\Program Files\dotnet\;C:\Program Files\nodejs\;C:\ProgramData\chocolatey\bin;C:\MinGW\bin;C:\Program Files\Git\cmd;C:\Users\sb400\AppData\Local\Microsoft\WindowsApps;C:\Users\sb400\AppData\Local\Programs\Microsoft VS Code\bin;C:\Users\sb400\AppData\Roaming\npm;C:\Users\sb400\AppData\Local\GitHubDesktop\bin;C:\msys64\ucrt64\bin;C:\Users\sb400\AppData\Local\Microsoft\WinGet\Packages\DenoLand.Deno_Microsoft.Winget.Source_8wekyb3d8bbwe;C:\Users\sb400\AppData\Local\Microsoft\WinGet\Packages\yt-dlp.FFmpeg_Microsoft.Winget.Source_8wekyb3d8bbwe\ffmpeg-N-123778-g3b55818764-win64-gpl\bin;C:\Users\sb400\AppData\Local\Microsoft\WinGet\Packages\yt-dlp.yt-dlp_Microsoft.Winget.Source_8wekyb3d8bbwe;c:\Users\sb400\.vscode\extensions\vscjava.vscode-java-debug-0.58.5\bundled\scripts\noConfigScripts
USERNAME=sb400
LANG=en_US.UTF-8
OS=Windows_NT
PROCESSOR_IDENTIFIER=AMD64 Family 25 Model 68 Stepping 1, AuthenticAMD
TMP=C:\Users\sb400\AppData\Local\Temp
TEMP=C:\Users\sb400\AppData\Local\Temp




Compilation memory statistics disabled.

Periodic native trim disabled

---------------  S Y S T E M  ---------------

OS:
 Windows 11 , 64 bit Build 26100 (10.0.26100.7920)
OS uptime: 0 days 3:16 hours
Hyper-V role detected

CPU: total 16 (initial active 16) (16 cores per cpu, 2 threads per core) family 25 model 68 stepping 1 microcode 0xa404107, cx8, cmov, fxsr, ht, mmx, 3dnowpref, sse, sse2, sse3, ssse3, sse4a, sse4.1, sse4.2, popcnt, lzcnt, tsc, tscinvbit, avx, avx2, aes, erms, clmul, bmi1, bmi2, adx, sha, fma, vzeroupper, clflush, clflushopt, clwb, hv, rdtscp, rdpid, fsrm, f16c, cet_ss
Processor Information for the first 16 processors :
  Max Mhz: 3100, Current Mhz: 3100, Mhz Limit: 3100

Memory: 4k page, system-wide physical 16202M (1484M free)
TotalPageFile size 25689M (AvailPageFile size 0M)
current process WorkingSet (physical memory assigned to process): 93M, peak: 93M
current process commit charge ("private bytes"): 374M, peak: 374M

vm_info: Java HotSpot(TM) 64-Bit Server VM (25.0.2+10-LTS-69) for windows-amd64 JRE (25.0.2+10-LTS-69), built on 2025-12-18T11:36:35Z with MS VC++ 17.13 (VS2022)

END.
