#
# There is insufficient memory for the Java Runtime Environment to continue.
# Native memory allocation (mmap) failed to map 266338304 bytes. Error detail: G1 virtual space
# Possible reasons:
#   The system is out of physical RAM or swap space
#   This process is running with CompressedOops enabled, and the Java Heap may be blocking the growth of the native heap
# Possible solutions:
#   Reduce memory load on the system
#   Increase physical memory or swap space
#   Check if swap backing store is full
#   Decrease Java heap size (-Xmx/-Xms)
#   Decrease number of Java threads
#   Decrease Java thread stack sizes (-Xss)
#   Set larger code cache with -XX:ReservedCodeCacheSize=
#   JVM is running with Zero Based Compressed Oops mode in which the Java heap is
#     placed in the first 32GB address space. The Java Heap base address is the
#     maximum limit for the native heap growth. Please use -XX:HeapBaseMinAddress
#     to set the Java Heap base and to place the Java Heap above 32GB virtual address.
# This output file may be truncated or incomplete.
#
#  Out of Memory Error (os_windows.cpp:3554), pid=38044, tid=12396
#
# JRE version:  (25.0.2+10) (build )
# Java VM: Java HotSpot(TM) 64-Bit Server VM (25.0.2+10-LTS-69, mixed mode, sharing, tiered, compressed oops, compressed class ptrs, g1 gc, windows-amd64)
# No core dump will be written. Minidumps are not enabled by default on client versions of Windows
#

---------------  S U M M A R Y ------------

Command Line: --add-modules=ALL-DEFAULT jdk.compiler/com.sun.tools.javac.launcher.SourceLauncher .\08-strings\01_Defanging_an_IP_Address.java

Host: AMD Ryzen 7 7435HS                             , 16 cores, 15G,  Windows 11 , 64 bit Build 26100 (10.0.26100.7920)
Time: Wed Apr 15 22:25:27 2026 India Standard Time elapsed time: 0.021095 seconds (0d 0h 0m 0s)

---------------  T H R E A D  ---------------

Current thread (0x000002339c445120):  JavaThread "Unknown thread" [_thread_in_vm, id=12396, stack(0x0000004f95700000,0x0000004f95800000) (1024K)]

Stack: [0x0000004f95700000,0x0000004f95800000]
Native frames: (J=compiled Java code, j=interpreted, Vv=VM code, C=native code)
V  [jvm.dll+0x7a70f9]  (no source info available)
V  [jvm.dll+0x772d6d]  (no source info available)
V  [jvm.dll+0x965d53]  (no source info available)
V  [jvm.dll+0x968351]  (no source info available)
V  [jvm.dll+0x968a63]  (no source info available)
V  [jvm.dll+0x2fc846]  (no source info available)
V  [jvm.dll+0x7a3325]  (no source info available)
V  [jvm.dll+0x796737]  (no source info available)
V  [jvm.dll+0x3f4988]  (no source info available)
V  [jvm.dll+0x3fc8d6]  (no source info available)
V  [jvm.dll+0x3e8f7e]  (no source info available)
V  [jvm.dll+0x3e9238]  (no source info available)
V  [jvm.dll+0x3c0145]  (no source info available)
V  [jvm.dll+0x3c0dce]  (no source info available)
V  [jvm.dll+0x92cdf7]  (no source info available)
V  [jvm.dll+0x458f02]  (no source info available)
V  [jvm.dll+0x9107a2]  (no source info available)
V  [jvm.dll+0x4f9331]  (no source info available)
V  [jvm.dll+0x4fabc1]  (no source info available)
C  [jli.dll+0x543e]  (no source info available)
C  [ucrtbase.dll+0x37b0]  (no source info available)
C  [KERNEL32.DLL+0x2e8d7]  (no source info available)
C  [ntdll.dll+0x8c48c]  (no source info available)

Lock stack of current Java thread (top to bottom):


---------------  P R O C E S S  ---------------

Threads class SMR info:
_java_thread_list=0x00007ffa9f8f5388, length=0, elements={
}

Java Threads: ( => current thread )
Total: 0

Other Threads:
  0x000002339c4ac1c0 WorkerThread "GC Thread#0"                     [id=19812, stack(0x0000004f95800000,0x0000004f95900000) (1024K)]
  0x000002339c4c5e30 ConcurrentGCThread "G1 Main Marker"            [id=34336, stack(0x0000004f95900000,0x0000004f95a00000) (1024K)]
  0x000002339c4c7170 WorkerThread "G1 Conc#0"                       [id=32368, stack(0x0000004f95a00000,0x0000004f95b00000) (1024K)]

[error occurred during error reporting (printing all threads), id 0xc0000005, EXCEPTION_ACCESS_VIOLATION (0xc0000005) at pc=0x00007ffa9efd4f1a]
VM state: not at safepoint (not fully initialized)

VM Mutex/Monitor currently owned by a thread:  ([mutex/lock_event])
[0x00007ffa9f979768] Heap_lock - owner thread: 0x000002339c445120

Heap address: 0x0000000702c00000, size: 4052 MB, Compressed Oops mode: Zero based, Oop shift amount: 3

CDS archive(s) mapped at: [0x0000000000000000-0x0000000000000000-0x0000000000000000), size 0, SharedBaseAddress: 0x0000000800000000, ArchiveRelocationMode: 1.
UseCompressedClassPointers 1, UseCompactObjectHeaders 0
Narrow klass pointer bits 32, Max shift 3
Narrow klass base: 0xffffffffffffffff, Narrow klass shift: -1
Encoding Range: [0xffffffffffffffff - 0x000000007fffffff), (2147483648 bytes)
Klass Range:    [0x0000000000000000 - 0x0000000000000000), (0 bytes)
Klass ID Range:  [4294967295 - 0) (1)
No protection zone.

GC Precious Log:
 CardTable entry size: 512
 Card Set container configuration: InlinePtr #cards 4 size 8 Array Of Cards #cards 16 size 48 Howl #buckets 8 coarsen threshold 3686 Howl Bitmap #cards 512 size 80 coarsen threshold 460 Card regions per heap region 1 cards per card region 4096

Heap:
 garbage-first heap   total reserved 4149248K, committed 0K, used 0K [0x0000000702c00000, 0x0000000800000000)
  region size 2048K, 0 young (0K), 0 survivors (0K)

Heap Regions: E=young(eden), S=young(survivor), O=old, HS=humongous(starts), HC=humongous(continues), CS=collection set, F=free, TAMS=top-at-mark-start, PB=parsable bottom

Card table byte_map: [0x00000233b4d40000,0x00000233b5530000] _byte_map_base: 0x00000233b152a000

Marking Bits: (CMBitMap*) 0x000002339c4ac950
 Bits: [0x00000233b5530000, 0x00000233b9480000)

GC Heap Usage History (0 events):
No events

Metaspace Usage History (0 events):
No events

Dll operation events (1 events):
Event: 0.014 Loaded shared library C:\Program Files\Java\jdk-25.0.2\bin\java.dll

Deoptimization events (0 events):
No events

Classes loaded (0 events):
No events

Classes unloaded (0 events):
No events

Classes redefined (0 events):
No events

Internal exceptions (0 events):
No events

VM Operations (0 events):
No events

Memory protections (0 events):
No events

Nmethod flushes (0 events):
No events

Events (0 events):
No events


Dynamic libraries:
0x00007ff64fa70000 - 0x00007ff64fa80000 	C:\Program Files\Java\jdk-25.0.2\bin\java.exe
0x00007ffbb4be0000 - 0x00007ffbb4e47000 	C:\Windows\SYSTEM32\ntdll.dll
0x00007ffb71d60000 - 0x00007ffb71d81000 	C:\Program Files\Avast Software\Avast\aswhook.dll
0x00007ffbb3d40000 - 0x00007ffbb3e09000 	C:\Windows\System32\KERNEL32.DLL
0x00007ffbb2580000 - 0x00007ffbb2971000 	C:\Windows\System32\KERNELBASE.dll
0x00007ffbb1fd0000 - 0x00007ffbb211b000 	C:\Windows\System32\ucrtbase.dll
0x00007ffb88e70000 - 0x00007ffb88e87000 	C:\Program Files\Java\jdk-25.0.2\bin\jli.dll
0x00007ffb88340000 - 0x00007ffb8835e000 	C:\Program Files\Java\jdk-25.0.2\bin\VCRUNTIME140.dll
0x00007ffbb49b0000 - 0x00007ffbb4b75000 	C:\Windows\System32\USER32.dll
0x00007ffb8fea0000 - 0x00007ffb90133000 	C:\Windows\WinSxS\amd64_microsoft.windows.common-controls_6595b64144ccf1df_6.0.26100.8037_none_3e092faae333b53b\COMCTL32.dll
0x00007ffbb1570000 - 0x00007ffbb1597000 	C:\Windows\System32\win32u.dll
0x00007ffbb38b0000 - 0x00007ffbb38db000 	C:\Windows\System32\GDI32.dll
0x00007ffbb4000000 - 0x00007ffbb40a9000 	C:\Windows\System32\msvcrt.dll
0x00007ffbb1ea0000 - 0x00007ffbb1fcb000 	C:\Windows\System32\gdi32full.dll
0x00007ffbb24d0000 - 0x00007ffbb2573000 	C:\Windows\System32\msvcp_win.dll
0x00007ffbb3fc0000 - 0x00007ffbb3ff1000 	C:\Windows\System32\IMM32.DLL
0x00007ffbaccb0000 - 0x00007ffbaccbc000 	C:\Program Files\Java\jdk-25.0.2\bin\vcruntime140_1.dll
0x00007ffb88130000 - 0x00007ffb881bd000 	C:\Program Files\Java\jdk-25.0.2\bin\msvcp140.dll
0x00007ffa9ec00000 - 0x00007ffa9fa5f000 	C:\Program Files\Java\jdk-25.0.2\bin\server\jvm.dll
0x00007ffbb3200000 - 0x00007ffbb32bb000 	C:\Windows\System32\ADVAPI32.dll
0x00007ffbb3030000 - 0x00007ffbb30d7000 	C:\Windows\System32\sechost.dll
0x00007ffbb3e20000 - 0x00007ffbb3f38000 	C:\Windows\System32\RPCRT4.dll
0x00007ffbb3f40000 - 0x00007ffbb3fb4000 	C:\Windows\System32\WS2_32.dll
0x00007ffbb1320000 - 0x00007ffbb137e000 	C:\Windows\SYSTEM32\POWRPROF.dll
0x00007ffbaab20000 - 0x00007ffbaab2b000 	C:\Windows\SYSTEM32\VERSION.dll
0x00007ffba52c0000 - 0x00007ffba52f5000 	C:\Windows\SYSTEM32\WINMM.dll
0x00007ffbb1300000 - 0x00007ffbb1314000 	C:\Windows\SYSTEM32\UMPDC.dll
0x00007ffbb0230000 - 0x00007ffbb024b000 	C:\Windows\SYSTEM32\kernel.appcore.dll
0x00007ffbacbb0000 - 0x00007ffbacbba000 	C:\Program Files\Java\jdk-25.0.2\bin\jimage.dll
0x00007ffb9f740000 - 0x00007ffb9f982000 	C:\Windows\SYSTEM32\DBGHELP.DLL
0x00007ffbb3930000 - 0x00007ffbb3cb2000 	C:\Windows\System32\combase.dll
0x00007ffbb2980000 - 0x00007ffbb2a57000 	C:\Windows\System32\OLEAUT32.dll
0x00007ffb9f700000 - 0x00007ffb9f73b000 	C:\Windows\SYSTEM32\dbgcore.DLL
0x00007ffbb14c0000 - 0x00007ffbb1565000 	C:\Windows\System32\bcryptPrimitives.dll
0x00007ffb88320000 - 0x00007ffb8833f000 	C:\Program Files\Java\jdk-25.0.2\bin\java.dll
0x00007ffbb2e10000 - 0x00007ffbb2fa5000 	C:\Windows\System32\ole32.dll
0x00007ffbb40e0000 - 0x00007ffbb483f000 	C:\Windows\System32\SHELL32.dll
0x00007ffbb21e0000 - 0x00007ffbb234a000 	C:\Windows\System32\wintypes.dll

JVMTI agents: none

dbghelp: loaded successfully - version: 4.0.5 - missing functions: none
symbol engine: initialized successfully - sym options: 0x614 - pdb path: .;C:\Program Files\Java\jdk-25.0.2\bin;C:\Windows\SYSTEM32;C:\Program Files\Avast Software\Avast;C:\Windows\WinSxS\amd64_microsoft.windows.common-controls_6595b64144ccf1df_6.0.26100.8037_none_3e092faae333b53b;C:\Program Files\Java\jdk-25.0.2\bin\server

VM Arguments:
jvm_args: --add-modules=ALL-DEFAULT 
java_command: jdk.compiler/com.sun.tools.javac.launcher.SourceLauncher .\08-strings\01_Defanging_an_IP_Address.java
java_class_path (initial): .
Launcher Type: SUN_STANDARD

[Global flags]
     intx CICompilerCount                          = 12                                        {product} {ergonomic}
     uint ConcGCThreads                            = 3                                         {product} {ergonomic}
     uint G1ConcRefinementThreads                  = 13                                        {product} {ergonomic}
   size_t G1HeapRegionSize                         = 2097152                                   {product} {ergonomic}
   size_t InitialHeapSize                          = 266338304                                 {product} {ergonomic}
   size_t MarkStackSize                            = 4194304                                   {product} {ergonomic}
   size_t MarkStackSizeMax                         = 536870912                                 {product} {ergonomic}
   size_t MaxHeapSize                              = 4248829952                                {product} {ergonomic}
   size_t MinHeapDeltaBytes                        = 2097152                                   {product} {ergonomic}
   size_t MinHeapSize                              = 8388608                                   {product} {ergonomic}
    uintx NonNMethodCodeHeapSize                   = 7602176                                {pd product} {ergonomic}
    uintx NonProfiledCodeHeapSize                  = 122093568                              {pd product} {ergonomic}
    uintx ProfiledCodeHeapSize                     = 121962496                              {pd product} {ergonomic}
    uintx ReservedCodeCacheSize                    = 251658240                              {pd product} {ergonomic}
     bool SegmentedCodeCache                       = true                                      {product} {ergonomic}
   size_t SoftMaxHeapSize                          = 4248829952                             {manageable} {ergonomic}
     bool UseCompressedOops                        = true                           {product lp64_product} {ergonomic}
     bool UseG1GC                                  = true                                      {product} {ergonomic}
     bool UseLargePagesIndividualAllocation        = false                                  {pd product} {ergonomic}

Logging:
Log output configuration:
 #0: stdout all=warning uptime,level,tags foldmultilines=false
 #1: stderr all=off uptime,level,tags foldmultilines=false

Release file:
<release file has not been read>
Environment Variables:
PATH=C:\Users\sb400\AppData\Local\Programs\Microsoft VS Code;C:\Program Files\Common Files\Oracle\Java\javapath;C:\Program Files\Python313\Scripts\;C:\Program Files\Python313\;C:\Windows\system32;C:\Windows;C:\Windows\System32\Wbem;C:\Windows\System32\WindowsPowerShell\v1.0\;C:\Windows\System32\OpenSSH\;C:\Program Files (x86)\NVIDIA Corporation\PhysX\Common;C:\Program Files\NVIDIA Corporation\NVIDIA NvDLISR;C:\Program Files\dotnet\;C:\Program Files\nodejs\;C:\ProgramData\chocolatey\bin;C:\MinGW\bin;C:\Program Files\Git\cmd;C:\Users\sb400\AppData\Local\Microsoft\WindowsApps;C:\Users\sb400\AppData\Local\Programs\Microsoft VS Code\bin;C:\Users\sb400\AppData\Roaming\npm;C:\Users\sb400\AppData\Local\GitHubDesktop\bin;C:\msys64\ucrt64\bin;C:\Users\sb400\AppData\Local\Microsoft\WinGet\Packages\DenoLand.Deno_Microsoft.Winget.Source_8wekyb3d8bbwe;C:\Users\sb400\AppData\Local\Microsoft\WinGet\Packages\yt-dlp.FFmpeg_Microsoft.Winget.Source_8wekyb3d8bbwe\ffmpeg-N-123778-g3b55818764-win64-gpl\bin;C:\Users\sb400\AppData\Local\Microsoft\WinGet\Packages\yt-dlp.yt-dlp_Microsoft.Winget.Source_8wekyb3d8bbwe;c:\Users\sb400\.vscode\extensions\vscjava.vscode-java-debug-0.58.5\bundled\scripts\noConfigScripts
USERNAME=sb400
LANG=en_US.UTF-8
OS=Windows_NT
PROCESSOR_IDENTIFIER=AMD64 Family 25 Model 68 Stepping 1, AuthenticAMD
TMP=C:\Users\sb400\AppData\Local\Temp
TEMP=C:\Users\sb400\AppData\Local\Temp




Compilation memory statistics disabled.

Periodic native trim disabled

---------------  S Y S T E M  ---------------

OS:
 Windows 11 , 64 bit Build 26100 (10.0.26100.7920)
OS uptime: 0 days 3:13 hours
Hyper-V role detected

CPU: total 16 (initial active 16) (16 cores per cpu, 2 threads per core) family 25 model 68 stepping 1 microcode 0xa404107, cx8, cmov, fxsr, ht, mmx, 3dnowpref, sse, sse2, sse3, ssse3, sse4a, sse4.1, sse4.2, popcnt, lzcnt, tsc, tscinvbit, avx, avx2, aes, erms, clmul, bmi1, bmi2, adx, sha, fma, vzeroupper, clflush, clflushopt, clwb, hv, rdtscp, rdpid, fsrm, f16c, cet_ss
Processor Information for the first 16 processors :
  Max Mhz: 3100, Current Mhz: 3100, Mhz Limit: 3100

Memory: 4k page, system-wide physical 16202M (1604M free)
TotalPageFile size 25689M (AvailPageFile size 93M)
current process WorkingSet (physical memory assigned to process): 14M, peak: 14M
current process commit charge ("private bytes"): 71M, peak: 325M

vm_info: Java HotSpot(TM) 64-Bit Server VM (25.0.2+10-LTS-69) for windows-amd64 JRE (25.0.2+10-LTS-69), built on 2025-12-18T11:36:35Z with MS VC++ 17.13 (VS2022)

END.
